<?xml version="1.0" encoding="UTF-8"?>
<testsuite name="com.example.demo.DemoApplicationTests" tests="1" skipped="0" failures="0" errors="0" timestamp="2024-04-19T16:41:55" hostname="FUNKYGUMMIEBEAR" time="0.86">
  <properties/>
  <testcase name="contextLoads()" classname="com.example.demo.DemoApplicationTests" time="0.86"/>
  <system-out><![CDATA[12:41:53.340 [Test worker] INFO org.springframework.test.context.support.AnnotationConfigContextLoaderUtils -- Could not detect default configuration classes for test class [com.example.demo.DemoApplicationTests]: DemoApplicationTests does not declare any static, non-private, non-final, nested classes annotated with @Configuration.
12:41:53.439 [Test worker] INFO org.springframework.boot.test.context.SpringBootTestContextBootstrapper -- Found @SpringBootConfiguration com.example.demo.DemoApplication for test class com.example.demo.DemoApplicationTests

  .   ____          _            __ _ _
 /\\ / ___'_ __ _ _(_)_ __  __ _ \ \ \ \
( ( )\___ | '_ | '_| | '_ \/ _` | \ \ \ \
 \\/  ___)| |_)| | | | | || (_| |  ) ) ) )
  '  |____| .__|_| |_|_| |_\__, | / / / /
 =========|_|==============|___/=/_/_/_/
 :: Spring Boot ::                (v3.2.4)

2024-04-19T12:41:53.965-04:00  INFO 9280 --- [demo] [    Test worker] com.example.demo.DemoApplicationTests    : Starting DemoApplicationTests using Java 19.0.2 with PID 9280 (started by funky in C:\Users\funky\IdeaProjects\NasaAPI\demo)
2024-04-19T12:41:53.966-04:00  INFO 9280 --- [demo] [    Test worker] com.example.demo.DemoApplicationTests    : No active profile set, falling back to 1 default profile: "default"
2024-04-19T12:41:55.333-04:00  INFO 9280 --- [demo] [    Test worker] com.example.demo.DemoApplicationTests    : Started DemoApplicationTests in 1.672 seconds (process running for 3.089)
]]></system-out>
  <system-err><![CDATA[]]></system-err>
</testsuite>
